<?xml version="1.0" encoding="UTF-8"?>
<testng-results ignored="0" total="2" passed="2" failed="0" skipped="0">
  <reporter-output>
  </reporter-output>
  <suite started-at="2023-07-28T15:27:22 IST" name="OpeancartSuite" finished-at="2023-07-28T15:27:46 IST" duration-ms="24559">
    <groups>
      <group name="Master">
        <method signature="TC_001_AccountRegistrationTest.test_account_Registration()[pri:0, instance:testCase.TC_001_AccountRegistrationTest@6e9a5ed8]" name="test_account_Registration" class="testCase.TC_001_AccountRegistrationTest"/>
        <method signature="TC_002_LoginTest.test_Login()[pri:0, instance:testCase.TC_002_LoginTest@7d9d0818]" name="test_Login" class="testCase.TC_002_LoginTest"/>
      </group> <!-- Master -->
      <group name="Sanity">
        <method signature="TC_002_LoginTest.test_Login()[pri:0, instance:testCase.TC_002_LoginTest@7d9d0818]" name="test_Login" class="testCase.TC_002_LoginTest"/>
      </group> <!-- Sanity -->
      <group name="Regression">
        <method signature="TC_001_AccountRegistrationTest.test_account_Registration()[pri:0, instance:testCase.TC_001_AccountRegistrationTest@6e9a5ed8]" name="test_account_Registration" class="testCase.TC_001_AccountRegistrationTest"/>
      </group> <!-- Regression -->
    </groups>
    <test started-at="2023-07-28T15:27:22 IST" name="Test" finished-at="2023-07-28T15:27:46 IST" duration-ms="24559">
      <class name="testCase.TC_001_AccountRegistrationTest">
        <test-method is-config="true" signature="setup(java.lang.String)[pri:0, instance:testCase.TC_001_AccountRegistrationTest@6e9a5ed8]" started-at="2023-07-28T15:27:22 IST" name="setup" finished-at="2023-07-28T15:27:26 IST" duration-ms="3662" status="PASS">
          <params>
            <param index="0">
              <value>
                <![CDATA[chrome]]>
              </value>
            </param>
          </params>
          <reporter-output>
          </reporter-output>
        </test-method> <!-- setup -->
        <test-method signature="test_account_Registration()[pri:0, instance:testCase.TC_001_AccountRegistrationTest@6e9a5ed8]" started-at="2023-07-28T15:27:26 IST" name="test_account_Registration" finished-at="2023-07-28T15:27:37 IST" duration-ms="11162" status="PASS">
          <reporter-output>
          </reporter-output>
        </test-method> <!-- test_account_Registration -->
        <test-method is-config="true" signature="tearDown()[pri:0, instance:testCase.TC_001_AccountRegistrationTest@6e9a5ed8]" started-at="2023-07-28T15:27:37 IST" name="tearDown" finished-at="2023-07-28T15:27:37 IST" duration-ms="537" status="PASS">
          <reporter-output>
          </reporter-output>
        </test-method> <!-- tearDown -->
      </class> <!-- testCase.TC_001_AccountRegistrationTest -->
      <class name="testCase.TC_002_LoginTest">
        <test-method is-config="true" signature="setup(java.lang.String)[pri:0, instance:testCase.TC_002_LoginTest@7d9d0818]" started-at="2023-07-28T15:27:37 IST" name="setup" finished-at="2023-07-28T15:27:40 IST" duration-ms="2200" status="PASS">
          <params>
            <param index="0">
              <value>
                <![CDATA[chrome]]>
              </value>
            </param>
          </params>
          <reporter-output>
          </reporter-output>
        </test-method> <!-- setup -->
        <test-method signature="test_Login()[pri:0, instance:testCase.TC_002_LoginTest@7d9d0818]" started-at="2023-07-28T15:27:40 IST" name="test_Login" finished-at="2023-07-28T15:27:46 IST" duration-ms="6352" status="PASS">
          <reporter-output>
          </reporter-output>
        </test-method> <!-- test_Login -->
        <test-method is-config="true" signature="tearDown()[pri:0, instance:testCase.TC_002_LoginTest@7d9d0818]" started-at="2023-07-28T15:27:46 IST" name="tearDown" finished-at="2023-07-28T15:27:46 IST" duration-ms="350" status="PASS">
          <reporter-output>
          </reporter-output>
        </test-method> <!-- tearDown -->
      </class> <!-- testCase.TC_002_LoginTest -->
    </test> <!-- Test -->
  </suite> <!-- OpeancartSuite -->
</testng-results>
